<?xml version="1.0" encoding="UTF-8"?>
<!-- Generated by org.testng.reporters.JUnitReportReporter -->
<testsuite hostname="BHARATH" failures="0" tests="2" name="TestngExamples.Exp_Testng" time="0.012" errors="0" timestamp="8 Jun 2023 04:46:20 GMT">
  <testcase classname="TestngExamples.Exp_Testng" name="Login" time="0.010"/>
  <testcase classname="TestngExamples.Exp_Testng" name="Logout" time="0.002"/>
</testsuite> <!-- TestngExamples.Exp_Testng -->
