<?xml version="1.0" encoding="UTF-8"?>
<!-- Generated by org.testng.reporters.JUnitReportReporter -->
<testsuite hostname="BHARATH" failures="0" tests="2" name="TestngExamples.Exp_Testng1" time="0.005" errors="0" timestamp="12 Jun 2023 12:59:20 GMT">
  <testcase classname="TestngExamples.Exp_Testng1" name="addemp" time="0.004"/>
  <testcase classname="TestngExamples.Exp_Testng1" name="delemp" time="0.001"/>
</testsuite> <!-- TestngExamples.Exp_Testng1 -->
